<?xml version="1.0" encoding="utf-8" standalone="no"?>
<!--This file represents the results of running a test suite-->
<test-results name="\\fdm-mail02\home\jason.carvalho\Documents\C-Sharp stuff\trunk (BankTeller - Phase 1)\trunk\Fdm.BankTeller.Tests\bin\Release\Fdm.BankTeller.Tests.dll" total="1" errors="1" failures="0" not-run="0" inconclusive="0" ignored="0" skipped="0" invalid="0" date="2011-10-03" time="10:13:27">
  <environment nunit-version="2.5.10.11092" clr-version="2.0.50727.3623" os-version="Microsoft Windows NT 5.1.2600 Service Pack 3" platform="Win32NT" cwd="C:\Program Files\NUnit 2.5.10\bin\net-2.0" machine-name="HVDNYC079" user="jason.carvalho" user-domain="FDMGROUP" />
  <culture-info current-culture="en-US" current-uiculture="en-US" />
  <test-suite type="Assembly" name="\\fdm-mail02\home\jason.carvalho\Documents\C-Sharp stuff\trunk (BankTeller - Phase 1)\trunk\Fdm.BankTeller.Tests\bin\Release\Fdm.BankTeller.Tests.dll" executed="True" result="Failure" success="False" time="0.047" asserts="0">
    <results>
      <test-suite type="Namespace" name="Fdm" executed="True" result="Failure" success="False" time="0.047" asserts="0">
        <results>
          <test-suite type="Namespace" name="BankTeller" executed="True" result="Failure" success="False" time="0.047" asserts="0">
            <results>
              <test-suite type="Namespace" name="Tests" executed="True" result="Failure" success="False" time="0.047" asserts="0">
                <results>
                  <test-suite type="TestFixture" name="StorageCollectionTests" executed="True" result="Failure" success="False" time="0.031" asserts="0">
                    <results>
                      <test-case name="Fdm.BankTeller.Tests.StorageCollectionTests.TestCreateAndReadAccount" executed="True" result="Error" success="False" time="0.016" asserts="0">
                        <failure>
                          <message><![CDATA[System.ArgumentException : An item with the same key has already been added.]]></message>
                          <stack-trace><![CDATA[at System.ThrowHelper.ThrowArgumentException(ExceptionResource resource)
at System.Collections.Generic.Dictionary`2.Insert(TKey key, TValue value, Boolean add)
at System.Collections.Generic.Dictionary`2.Add(TKey key, TValue value)
at Fdm.BankTeller.Tests.StorageCollectionTests.TestCreateAndReadAccount() in \\fdm-mail02\home\jason.carvalho\Documents\C-Sharp stuff\trunk (BankTeller - Phase 1)\trunk\Fdm.BankTeller.Tests\StorageCollectionTests.cs:line 29
]]></stack-trace>
                        </failure>
                      </test-case>
                    </results>
                  </test-suite>
                </results>
              </test-suite>
            </results>
          </test-suite>
        </results>
      </test-suite>
    </results>
  </test-suite>
</test-results>