<?xml version="1.0" encoding="utf-8" standalone="no"?>
<!--This file represents the results of running a test suite-->
<test-results name="\\fdm-mail02\home\jason.carvalho\Visual Studio 2010\Projects\RoutePlanner\RoutePlanner\bin\Debug\RoutePlanner.exe" total="0" errors="0" failures="0" not-run="0" inconclusive="0" ignored="0" skipped="0" invalid="0" date="2011-11-07" time="12:46:04">
  <environment nunit-version="2.5.10.11092" clr-version="2.0.50727.3623" os-version="Microsoft Windows NT 5.1.2600 Service Pack 3" platform="Win32NT" cwd="\\fdm-mail02\home\jason.carvalho\Visual Studio 2010\Projects\RoutePlanner\RoutePlanner\bin\Debug" machine-name="HVDNYC079" user="jason.carvalho" user-domain="FDMGROUP" />
  <culture-info current-culture="en-US" current-uiculture="en-US" />
  <test-suite type="Assembly" name="\\fdm-mail02\home\jason.carvalho\Visual Studio 2010\Projects\RoutePlanner\RoutePlanner\bin\Debug\RoutePlanner.exe" executed="True" result="Inconclusive" success="False" time="0.000" asserts="0" />
</test-results>