<?xml version="1.0" encoding="utf-8" standalone="no"?>
<!--This file represents the results of running a test suite-->
<test-results name="\\fdm-mail02\home\jason.carvalho\Visual Studio 2010\Projects\RoutePlanner\RoutePlanner.Tests\bin\Release\RoutePlanner.Tests.exe" total="1" errors="1" failures="0" not-run="0" inconclusive="0" ignored="0" skipped="0" invalid="0" date="2011-11-10" time="11:11:25">
  <environment nunit-version="2.5.10.11092" clr-version="2.0.50727.3623" os-version="Microsoft Windows NT 5.1.2600 Service Pack 3" platform="Win32NT" cwd="C:\Program Files\NUnit 2.5.10\bin\net-2.0" machine-name="HVDNYC079" user="jason.carvalho" user-domain="FDMGROUP" />
  <culture-info current-culture="en-US" current-uiculture="en-US" />
  <test-suite type="Assembly" name="\\fdm-mail02\home\jason.carvalho\Visual Studio 2010\Projects\RoutePlanner\RoutePlanner.Tests\bin\Release\RoutePlanner.Tests.exe" executed="True" result="Failure" success="False" time="0.125" asserts="0">
    <results>
      <test-suite type="Namespace" name="RoutePlanner" executed="True" result="Failure" success="False" time="0.125" asserts="0">
        <results>
          <test-suite type="Namespace" name="Tests" executed="True" result="Failure" success="False" time="0.125" asserts="0">
            <results>
              <test-suite type="TestFixture" name="XMLTests" executed="True" result="Failure" success="False" time="0.109" asserts="0">
                <results>
                  <test-case name="RoutePlanner.Tests.XMLTests.testXML_Reader" executed="True" result="Error" success="False" time="0.047" asserts="0">
                    <failure>
                      <message><![CDATA[System.NullReferenceException : Object reference not set to an instance of an object.]]></message>
                      <stack-trace><![CDATA[at RoutePlanner.Data.XMLReader.readAllStations() in \\fdm-mail02\home\jason.carvalho\visual studio 2010\Projects\RoutePlanner\RoutePlanner\Data\XMLReader.cs:line 34
at RoutePlanner.Tests.XMLTests.testXML_Reader()
]]></stack-trace>
                    </failure>
                  </test-case>
                </results>
              </test-suite>
            </results>
          </test-suite>
        </results>
      </test-suite>
    </results>
  </test-suite>
</test-results>